<?xml version="1.0" encoding="UTF-8"?>
<!-- Generated by org.testng.reporters.JUnitXMLReporter -->
<testsuite ignored="14" hostname="LAPTOP-J55P4QPE" failures="0" tests="1" name="Default test" time="11.203" errors="0" timestamp="2025-01-31T01:43:02 AST">
  <testcase classname="MyTestCases.MainTestCases" name="CheckTheTitle" time="0.02"/>
  <testcase classname="MyTestCases.MainTestCases" name="Radio_Button_Example" time="0.0">
    <ignored/>
  </testcase> <!-- Radio_Button_Example -->
  <testcase classname="MyTestCases.MainTestCases" name="Calendar_Example" time="0.0">
    <ignored/>
  </testcase> <!-- Calendar_Example -->
  <testcase classname="MyTestCases.MainTestCases" name="iFrame_Example" time="0.0">
    <ignored/>
  </testcase> <!-- iFrame_Example -->
  <testcase classname="MyTestCases.MainTestCases" name="Mouse_Hover_Example" time="0.0">
    <ignored/>
  </testcase> <!-- Mouse_Hover_Example -->
  <testcase classname="MyTestCases.MainTestCases" name="Enabled_Disabled_Example" time="0.0">
    <ignored/>
  </testcase> <!-- Enabled_Disabled_Example -->
  <testcase classname="MyTestCases.MainTestCases" name="Switch_Tab_Example" time="0.0">
    <ignored/>
  </testcase> <!-- Switch_Tab_Example -->
  <testcase classname="MyTestCases.MainTestCases" name="Web_Table_Example" time="0.0">
    <ignored/>
  </testcase> <!-- Web_Table_Example -->
  <testcase classname="MyTestCases.MainTestCases" name="Download_file_to_test" time="0.0">
    <ignored/>
  </testcase> <!-- Download_file_to_test -->
  <testcase classname="MyTestCases.MainTestCases" name="Dynamic_Dropdown_Example" time="0.0">
    <ignored/>
  </testcase> <!-- Dynamic_Dropdown_Example -->
  <testcase classname="MyTestCases.MainTestCases" name="Checkbox_Example" time="0.0">
    <ignored/>
  </testcase> <!-- Checkbox_Example -->
  <testcase classname="MyTestCases.MainTestCases" name="Switch_Window_Example" time="0.0">
    <ignored/>
  </testcase> <!-- Switch_Window_Example -->
  <testcase classname="MyTestCases.MainTestCases" name="Switch_To_Alert_Example" time="0.0">
    <ignored/>
  </testcase> <!-- Switch_To_Alert_Example -->
  <testcase classname="MyTestCases.MainTestCases" name="Element_Displayed_Example" time="0.0">
    <ignored/>
  </testcase> <!-- Element_Displayed_Example -->
  <testcase classname="MyTestCases.MainTestCases" name="Static_Dropdown_Example" time="0.0">
    <ignored/>
  </testcase> <!-- Static_Dropdown_Example -->
</testsuite> <!-- Default test -->
