<?xml version="1.0" encoding="UTF-8"?>
<testng-results ignored="14" total="15" passed="1" failed="0" skipped="0">
  <reporter-output>
  </reporter-output>
  <suite started-at="2025-01-31T01:42:51 AST" name="Default suite" finished-at="2025-01-31T01:43:02 AST" duration-ms="11203">
    <groups>
    </groups>
    <test started-at="2025-01-31T01:42:51 AST" name="Default test" finished-at="2025-01-31T01:43:02 AST" duration-ms="11203">
      <class name="MyTestCases.MainTestCases">
        <test-method is-config="true" signature="mySetup()[pri:0, instance:MyTestCases.MainTestCases@73a2e526]" started-at="2025-01-31T01:42:51 AST" name="mySetup" finished-at="2025-01-31T01:43:02 AST" duration-ms="11155" status="PASS">
          <reporter-output>
          </reporter-output>
        </test-method> <!-- mySetup -->
        <test-method signature="CheckTheTitle()[pri:15, instance:MyTestCases.MainTestCases@73a2e526]" started-at="2025-01-31T01:43:02 AST" name="CheckTheTitle" finished-at="2025-01-31T01:43:02 AST" duration-ms="20" status="PASS">
          <reporter-output>
          </reporter-output>
        </test-method> <!-- CheckTheTitle -->
      </class> <!-- MyTestCases.MainTestCases -->
    </test> <!-- Default test -->
  </suite> <!-- Default suite -->
</testng-results>
